<?xml version="1.0" encoding="UTF-8"?>
<!-- Generated by org.testng.reporters.JUnitReportReporter -->
<testsuite hostname="home-PC" failures="0" tests="5" name="org.test.Flipkart" time="96.170" errors="0" timestamp="2024-04-03T14:12:53 IST" skipped="0">
  <testcase classname="org.test.Flipkart" name="tc01_launchBrowser" time="33.820"/>
  <system-out/>
  <testcase classname="org.test.Flipkart" name="tc02_navigateProductDescriptionPage" time="44.658"/>
  <system-out/>
  <testcase classname="org.test.Flipkart" name="tc03_verifyImage" time="8.542"/>
  <system-out/>
  <testcase classname="org.test.Flipkart" name="tc04_verifyPrice" time="7.649"/>
  <system-out/>
  <testcase classname="org.test.Flipkart" name="tc05_closeTheBrowser" time="1.501"/>
  <system-out/>
</testsuite> <!-- org.test.Flipkart -->
